<?xml version="1.0" encoding="UTF-8"?>
<testsuite xmlns:xsi="http://www.w3.org/2001/XMLSchema-instance" xsi:noNamespaceSchemaLocation="https://maven.apache.org/surefire/maven-surefire-plugin/xsd/surefire-test-report.xsd" name="TestClass" time="31.983" tests="6" errors="0" skipped="0" failures="0">
  <properties>
[...]
</properties>
  <testcase name="t1_checkSuccessMessageAfterRegistration" classname="TestClass" time="4.418"/>
  <testcase name="t2_addLogoAndCheckChanges" classname="TestClass" time="4.974"/>
  <testcase name="t3_changeNameAndCheckChanges" classname="TestClass" time="4.67"/>
  <testcase name="t4_changeAliasAndCheckChanges" classname="TestClass" time="5.003"/>
  <testcase name="t5_addCardAndCheckChanges" classname="TestClass" time="5.719"/>
  <testcase name="t6_deleteCardAndCheckChanges" classname="TestClass" time="6.718"/>
</testsuite>